<?xml version="1.0" encoding="UTF-8"?>
<testng-results ignored="0" total="1" passed="1" failed="0" skipped="0">
  <reporter-output>
  </reporter-output>
  <suite started-at="2025-05-25T12:59:31 GMT+06:30" name="Default suite" finished-at="2025-05-25T12:59:41 GMT+06:30" duration-ms="9248">
    <groups>
    </groups>
    <test started-at="2025-05-25T12:59:31 GMT+06:30" name="Default test" finished-at="2025-05-25T12:59:41 GMT+06:30" duration-ms="9248">
      <class name="carshare.TC_AboutUs">
        <test-method is-config="true" signature="beforeSuite()[pri:0, instance:carshare.TC_AboutUs@38afe297]" started-at="2025-05-25T12:59:31 GMT+06:30" name="beforeSuite" finished-at="2025-05-25T12:59:31 GMT+06:30" duration-ms="15" status="PASS">
          <reporter-output>
          </reporter-output>
        </test-method> <!-- beforeSuite -->
        <test-method is-config="true" signature="beforeTest()[pri:0, instance:carshare.TC_AboutUs@38afe297]" started-at="2025-05-25T12:59:31 GMT+06:30" name="beforeTest" finished-at="2025-05-25T12:59:31 GMT+06:30" duration-ms="1" status="PASS">
          <reporter-output>
          </reporter-output>
        </test-method> <!-- beforeTest -->
        <test-method is-config="true" signature="beforeClass()[pri:0, instance:carshare.TC_AboutUs@38afe297]" started-at="2025-05-25T12:59:31 GMT+06:30" name="beforeClass" finished-at="2025-05-25T12:59:39 GMT+06:30" duration-ms="7723" status="PASS">
          <reporter-output>
          </reporter-output>
        </test-method> <!-- beforeClass -->
        <test-method is-config="true" signature="beforeMethod()[pri:0, instance:carshare.TC_AboutUs@38afe297]" started-at="2025-05-25T12:59:39 GMT+06:30" name="beforeMethod" finished-at="2025-05-25T12:59:39 GMT+06:30" duration-ms="3" status="PASS">
          <reporter-output>
          </reporter-output>
        </test-method> <!-- beforeMethod -->
        <test-method signature="AboutUs()[pri:0, instance:carshare.TC_AboutUs@38afe297]" started-at="2025-05-25T12:59:39 GMT+06:30" name="AboutUs" finished-at="2025-05-25T12:59:40 GMT+06:30" duration-ms="1180" status="PASS">
          <reporter-output>
          </reporter-output>
        </test-method> <!-- AboutUs -->
        <test-method is-config="true" signature="afterMethod()[pri:0, instance:carshare.TC_AboutUs@38afe297]" started-at="2025-05-25T12:59:40 GMT+06:30" name="afterMethod" finished-at="2025-05-25T12:59:40 GMT+06:30" duration-ms="13" status="PASS">
          <reporter-output>
          </reporter-output>
        </test-method> <!-- afterMethod -->
        <test-method is-config="true" signature="afterClass()[pri:0, instance:carshare.TC_AboutUs@38afe297]" started-at="2025-05-25T12:59:40 GMT+06:30" name="afterClass" finished-at="2025-05-25T12:59:41 GMT+06:30" duration-ms="272" status="PASS">
          <reporter-output>
          </reporter-output>
        </test-method> <!-- afterClass -->
        <test-method is-config="true" signature="afterTest()[pri:0, instance:carshare.TC_AboutUs@38afe297]" started-at="2025-05-25T12:59:41 GMT+06:30" name="afterTest" finished-at="2025-05-25T12:59:41 GMT+06:30" duration-ms="0" status="PASS">
          <reporter-output>
          </reporter-output>
        </test-method> <!-- afterTest -->
        <test-method is-config="true" signature="afterSuite()[pri:0, instance:carshare.TC_AboutUs@38afe297]" started-at="2025-05-25T12:59:41 GMT+06:30" name="afterSuite" finished-at="2025-05-25T12:59:41 GMT+06:30" duration-ms="8" status="PASS">
          <reporter-output>
          </reporter-output>
        </test-method> <!-- afterSuite -->
      </class> <!-- carshare.TC_AboutUs -->
    </test> <!-- Default test -->
  </suite> <!-- Default suite -->
</testng-results>
